<?xml version="1.0" encoding="UTF-8"?>
<testng-results ignored="0" total="1" passed="1" failed="0" skipped="0">
  <reporter-output>
  </reporter-output>
  <suite started-at="2025-02-20T23:42:10 IST" name="Suite" finished-at="2025-02-20T23:42:59 IST" duration-ms="48994">
    <groups>
    </groups>
    <test started-at="2025-02-20T23:42:10 IST" name="Test" finished-at="2025-02-20T23:42:59 IST" duration-ms="48994">
      <class name="tests.HomePageTest">
        <test-method is-config="true" signature="setupSite(java.lang.String)[pri:0, instance:tests.HomePageTest@1189dd52]" started-at="2025-02-20T23:42:10 IST" name="setupSite" finished-at="2025-02-20T23:42:44 IST" duration-ms="33739" status="PASS">
          <params>
            <param index="0">
              <value>
                <![CDATA[chrome]]>
              </value>
            </param>
          </params>
          <reporter-output>
          </reporter-output>
        </test-method> <!-- setupSite -->
        <test-method signature="test1()[pri:0, instance:tests.HomePageTest@1189dd52]" started-at="2025-02-20T23:42:44 IST" name="test1" finished-at="2025-02-20T23:42:59 IST" duration-ms="15070" status="PASS">
          <reporter-output>
          </reporter-output>
        </test-method> <!-- test1 -->
        <test-method is-config="true" signature="tearDown()[pri:0, instance:tests.HomePageTest@1189dd52]" started-at="2025-02-20T23:42:59 IST" name="tearDown" finished-at="2025-02-20T23:42:59 IST" duration-ms="155" status="PASS">
          <reporter-output>
          </reporter-output>
        </test-method> <!-- tearDown -->
      </class> <!-- tests.HomePageTest -->
    </test> <!-- Test -->
  </suite> <!-- Suite -->
</testng-results>
